[2.4 minutes]	Chunk 8: (pAAV8-TTRm-8003-plasmid-1~GTSP4322~1) 2578 reads pass barcode filter.
[2.4 minutes]	Chunk 8: (pAAV8-TTRm-8003-plasmid-1~GTSP4322~1) 6099 reads pass linker code filter.
[2.4 minutes]	Chunk 8: (pAAV8-TTRm-8003-plasmid-1~GTSP4322~1) 160 reads removed by virus read start test filter (15 NTs).
[2.4 minutes]	Chunk 8: (pAAV8-TTRm-8003-plasmid-1~GTSP4322~1)  anchor read over read sequence determined to be AGTCCCTTAAG from parsing provided linker sequence.
[2.4 minutes]	Chunk 8: (pAAV8-TTRm-8003-plasmid-1~GTSP4322~1) completed with 310 reads.
[2.4 minutes]	Chunk 8: (pAAV8-TTRm-8003-plasmid-1~GTSP4322~2) 3560 reads pass barcode filter.
[2.4 minutes]	Chunk 8: (pAAV8-TTRm-8003-plasmid-1~GTSP4322~2) 6099 reads pass linker code filter.
[2.4 minutes]	Chunk 8: (pAAV8-TTRm-8003-plasmid-1~GTSP4322~2) 237 reads removed by virus read start test filter (15 NTs).
[2.4 minutes]	Chunk 8: (pAAV8-TTRm-8003-plasmid-1~GTSP4322~2)  anchor read over read sequence determined to be AGTCCCTTAAG from parsing provided linker sequence.
[2.5 minutes]	Chunk 8: (pAAV8-TTRm-8003-plasmid-1~GTSP4322~2) completed with 647 reads.
[2.5 minutes]	Chunk 8: (pAAV8-TTRm-8003-plasmid-2~GTSP4323~1) 3175 reads pass barcode filter.
[2.5 minutes]	Chunk 8: (pAAV8-TTRm-8003-plasmid-2~GTSP4323~1) 6620 reads pass linker code filter.
[2.5 minutes]	Chunk 8: (pAAV8-TTRm-8003-plasmid-2~GTSP4323~1) 224 reads removed by virus read start test filter (15 NTs).
[2.5 minutes]	Chunk 8: (pAAV8-TTRm-8003-plasmid-2~GTSP4323~1)  anchor read over read sequence determined to be AGTCCCTTAAG from parsing provided linker sequence.
[2.5 minutes]	Chunk 8: (pAAV8-TTRm-8003-plasmid-2~GTSP4323~1) completed with 469 reads.
[2.5 minutes]	Chunk 8: (pAAV8-TTRm-8003-plasmid-2~GTSP4323~2) 3503 reads pass barcode filter.
[2.5 minutes]	Chunk 8: (pAAV8-TTRm-8003-plasmid-2~GTSP4323~2) 6620 reads pass linker code filter.
[2.5 minutes]	Chunk 8: (pAAV8-TTRm-8003-plasmid-2~GTSP4323~2) 217 reads removed by virus read start test filter (15 NTs).
[2.5 minutes]	Chunk 8: (pAAV8-TTRm-8003-plasmid-2~GTSP4323~2)  anchor read over read sequence determined to be AGTCCCTTAAG from parsing provided linker sequence.
[2.5 minutes]	Chunk 8: (pAAV8-TTRm-8003-plasmid-2~GTSP4323~2) completed with 549 reads.
[2.5 minutes]	Chunk 8: (pAAV8-TTRm-8003-plasmid-3~GTSP4324~1) 2246 reads pass barcode filter.
[2.5 minutes]	Chunk 8: (pAAV8-TTRm-8003-plasmid-3~GTSP4324~1) 4890 reads pass linker code filter.
[2.5 minutes]	Chunk 8: (pAAV8-TTRm-8003-plasmid-3~GTSP4324~1) 141 reads removed by virus read start test filter (15 NTs).
[2.5 minutes]	Chunk 8: (pAAV8-TTRm-8003-plasmid-3~GTSP4324~1)  anchor read over read sequence determined to be AGTCCCTTAAG from parsing provided linker sequence.
[2.5 minutes]	Chunk 8: (pAAV8-TTRm-8003-plasmid-3~GTSP4324~1) completed with 188 reads.
[2.5 minutes]	Chunk 8: (pAAV8-TTRm-8003-plasmid-3~GTSP4324~2) 2689 reads pass barcode filter.
[2.5 minutes]	Chunk 8: (pAAV8-TTRm-8003-plasmid-3~GTSP4324~2) 4890 reads pass linker code filter.
[2.5 minutes]	Chunk 8: (pAAV8-TTRm-8003-plasmid-3~GTSP4324~2) 188 reads removed by virus read start test filter (15 NTs).
[2.5 minutes]	Chunk 8: (pAAV8-TTRm-8003-plasmid-3~GTSP4324~2)  anchor read over read sequence determined to be AGTCCCTTAAG from parsing provided linker sequence.
[2.5 minutes]	Chunk 8: (pAAV8-TTRm-8003-plasmid-3~GTSP4324~2) completed with 313 reads.
[2.5 minutes]	Chunk 8: (pAAV8-TTRm-8003-Vector_Klenow-1~GTSP4325~1) 2878 reads pass barcode filter.
[2.5 minutes]	Chunk 8: (pAAV8-TTRm-8003-Vector_Klenow-1~GTSP4325~1) 4793 reads pass linker code filter.
[2.5 minutes]	Chunk 8: (pAAV8-TTRm-8003-Vector_Klenow-1~GTSP4325~1) 264 reads removed by virus read start test filter (15 NTs).
[2.5 minutes]	Chunk 8: (pAAV8-TTRm-8003-Vector_Klenow-1~GTSP4325~1)  anchor read over read sequence determined to be AGTCCCTTAAG from parsing provided linker sequence.
[2.5 minutes]	Chunk 8: (pAAV8-TTRm-8003-Vector_Klenow-1~GTSP4325~1) completed with 732 reads.
[2.5 minutes]	Chunk 8: (pAAV8-TTRm-8003-Vector_Klenow-1~GTSP4325~2) 1969 reads pass barcode filter.
[2.5 minutes]	Chunk 8: (pAAV8-TTRm-8003-Vector_Klenow-1~GTSP4325~2) 4793 reads pass linker code filter.
[2.5 minutes]	Chunk 8: (pAAV8-TTRm-8003-Vector_Klenow-1~GTSP4325~2) 191 reads removed by virus read start test filter (15 NTs).
[2.5 minutes]	Chunk 8: (pAAV8-TTRm-8003-Vector_Klenow-1~GTSP4325~2)  anchor read over read sequence determined to be AGTCCCTTAAG from parsing provided linker sequence.
[2.6 minutes]	Chunk 8: (pAAV8-TTRm-8003-Vector_Klenow-1~GTSP4325~2) completed with 429 reads.
[2.6 minutes]	Chunk 8: (pAAV8-TTRm-8003-Vector_Klenow-2~GTSP4326~1) 2919 reads pass barcode filter.
[2.6 minutes]	Chunk 8: (pAAV8-TTRm-8003-Vector_Klenow-2~GTSP4326~1) 4914 reads pass linker code filter.
[2.6 minutes]	Chunk 8: (pAAV8-TTRm-8003-Vector_Klenow-2~GTSP4326~1) 148 reads removed by virus read start test filter (15 NTs).
[2.6 minutes]	Chunk 8: (pAAV8-TTRm-8003-Vector_Klenow-2~GTSP4326~1)  anchor read over read sequence determined to be AGTCCCTTAAG from parsing provided linker sequence.
[2.6 minutes]	Chunk 8: (pAAV8-TTRm-8003-Vector_Klenow-2~GTSP4326~1) completed with 959 reads.
[2.6 minutes]	Chunk 8: (pAAV8-TTRm-8003-Vector_Klenow-2~GTSP4326~2) 2076 reads pass barcode filter.
[2.6 minutes]	Chunk 8: (pAAV8-TTRm-8003-Vector_Klenow-2~GTSP4326~2) 4914 reads pass linker code filter.
[2.6 minutes]	Chunk 8: (pAAV8-TTRm-8003-Vector_Klenow-2~GTSP4326~2) 136 reads removed by virus read start test filter (15 NTs).
[2.6 minutes]	Chunk 8: (pAAV8-TTRm-8003-Vector_Klenow-2~GTSP4326~2)  anchor read over read sequence determined to be AGTCCCTTAAG from parsing provided linker sequence.
[2.6 minutes]	Chunk 8: (pAAV8-TTRm-8003-Vector_Klenow-2~GTSP4326~2) completed with 491 reads.
[2.6 minutes]	Chunk 8: (pAAV8-TTRm-8003-Vector_Klenow-3~GTSP4327~1) 1748 reads pass barcode filter.
[2.6 minutes]	Chunk 8: (pAAV8-TTRm-8003-Vector_Klenow-3~GTSP4327~1) 3328 reads pass linker code filter.
[2.6 minutes]	Chunk 8: (pAAV8-TTRm-8003-Vector_Klenow-3~GTSP4327~1) 162 reads removed by virus read start test filter (15 NTs).
[2.6 minutes]	Chunk 8: (pAAV8-TTRm-8003-Vector_Klenow-3~GTSP4327~1)  anchor read over read sequence determined to be AGTCCCTTAAG from parsing provided linker sequence.
[2.6 minutes]	Chunk 8: (pAAV8-TTRm-8003-Vector_Klenow-3~GTSP4327~1) completed with 520 reads.
[2.6 minutes]	Chunk 8: (pAAV8-TTRm-8003-Vector_Klenow-3~GTSP4327~2) 1626 reads pass barcode filter.
[2.6 minutes]	Chunk 8: (pAAV8-TTRm-8003-Vector_Klenow-3~GTSP4327~2) 3328 reads pass linker code filter.
[2.6 minutes]	Chunk 8: (pAAV8-TTRm-8003-Vector_Klenow-3~GTSP4327~2) 135 reads removed by virus read start test filter (15 NTs).
[2.6 minutes]	Chunk 8: (pAAV8-TTRm-8003-Vector_Klenow-3~GTSP4327~2)  anchor read over read sequence determined to be AGTCCCTTAAG from parsing provided linker sequence.
[2.6 minutes]	Chunk 8: (pAAV8-TTRm-8003-Vector_Klenow-3~GTSP4327~2) completed with 468 reads.
[2.6 minutes]	Chunk 8: (pAAV8-TTRm-8003-Vector-1~GTSP4328~1) 1859 reads pass barcode filter.
[2.6 minutes]	Chunk 8: (pAAV8-TTRm-8003-Vector-1~GTSP4328~1) 3410 reads pass linker code filter.
[2.6 minutes]	Chunk 8: (pAAV8-TTRm-8003-Vector-1~GTSP4328~1) 34 reads removed by virus read start test filter (15 NTs).
[2.6 minutes]	Chunk 8: (pAAV8-TTRm-8003-Vector-1~GTSP4328~1)  anchor read over read sequence determined to be AGTCCCTTAAG from parsing provided linker sequence.
[2.6 minutes]	Chunk 8: (pAAV8-TTRm-8003-Vector-1~GTSP4328~1) completed with 879 reads.
[2.6 minutes]	Chunk 8: (pAAV8-TTRm-8003-Vector-1~GTSP4328~2) 1601 reads pass barcode filter.
[2.6 minutes]	Chunk 8: (pAAV8-TTRm-8003-Vector-1~GTSP4328~2) 3410 reads pass linker code filter.
[2.6 minutes]	Chunk 8: (pAAV8-TTRm-8003-Vector-1~GTSP4328~2) 28 reads removed by virus read start test filter (15 NTs).
[2.6 minutes]	Chunk 8: (pAAV8-TTRm-8003-Vector-1~GTSP4328~2)  anchor read over read sequence determined to be AGTCCCTTAAG from parsing provided linker sequence.
[2.6 minutes]	Chunk 8: (pAAV8-TTRm-8003-Vector-1~GTSP4328~2) completed with 845 reads.
[2.6 minutes]	Chunk 8: (pAAV8-TTRm-8003-Vector-2~GTSP4329~1) 1696 reads pass barcode filter.
[2.6 minutes]	Chunk 8: (pAAV8-TTRm-8003-Vector-2~GTSP4329~1) 2799 reads pass linker code filter.
[2.6 minutes]	Chunk 8: (pAAV8-TTRm-8003-Vector-2~GTSP4329~1) 24 reads removed by virus read start test filter (15 NTs).
[2.6 minutes]	Chunk 8: (pAAV8-TTRm-8003-Vector-2~GTSP4329~1)  anchor read over read sequence determined to be AGTCCCTTAAG from parsing provided linker sequence.
[2.8 minutes]	Chunk 8: (pAAV8-TTRm-8003-Vector-2~GTSP4329~1) completed with 717 reads.
[2.8 minutes]	Chunk 8: (pAAV8-TTRm-8003-Vector-2~GTSP4329~2) 1138 reads pass barcode filter.
[2.8 minutes]	Chunk 8: (pAAV8-TTRm-8003-Vector-2~GTSP4329~2) 2799 reads pass linker code filter.
[2.8 minutes]	Chunk 8: (pAAV8-TTRm-8003-Vector-2~GTSP4329~2) 31 reads removed by virus read start test filter (15 NTs).
[2.8 minutes]	Chunk 8: (pAAV8-TTRm-8003-Vector-2~GTSP4329~2)  anchor read over read sequence determined to be AGTCCCTTAAG from parsing provided linker sequence.
[2.9 minutes]	Chunk 8: (pAAV8-TTRm-8003-Vector-2~GTSP4329~2) completed with 363 reads.
[2.9 minutes]	Chunk 8: (pAAV8-TTRm-8003-Vector-3~GTSP4330~1) 1090 reads pass barcode filter.
[2.9 minutes]	Chunk 8: (pAAV8-TTRm-8003-Vector-3~GTSP4330~1) 2685 reads pass linker code filter.
[2.9 minutes]	Chunk 8: (pAAV8-TTRm-8003-Vector-3~GTSP4330~1) 15 reads removed by virus read start test filter (15 NTs).
[2.9 minutes]	Chunk 8: (pAAV8-TTRm-8003-Vector-3~GTSP4330~1)  anchor read over read sequence determined to be AGTCCCTTAAG from parsing provided linker sequence.
[2.9 minutes]	Chunk 8: (pAAV8-TTRm-8003-Vector-3~GTSP4330~1) completed with 645 reads.
[2.9 minutes]	Chunk 8: (pAAV8-TTRm-8003-Vector-3~GTSP4330~2) 1637 reads pass barcode filter.
[2.9 minutes]	Chunk 8: (pAAV8-TTRm-8003-Vector-3~GTSP4330~2) 2685 reads pass linker code filter.
[2.9 minutes]	Chunk 8: (pAAV8-TTRm-8003-Vector-3~GTSP4330~2) 19 reads removed by virus read start test filter (15 NTs).
[2.9 minutes]	Chunk 8: (pAAV8-TTRm-8003-Vector-3~GTSP4330~2)  anchor read over read sequence determined to be AGTCCCTTAAG from parsing provided linker sequence.
[2.9 minutes]	Chunk 8: (pAAV8-TTRm-8003-Vector-3~GTSP4330~2) completed with 826 reads.
[2.9 minutes]	Chunk 8: (NoTemplateControl1~NoTemplateControl1~1) 0 reads pass barcode filter.
[2.9 minutes]	Chunk 8: (NoTemplateControl1~NoTemplateControl1~1) 0 reads pass linker code filter.
[2.9 minutes]	Chunk 8: (NoTemplateControl1~NoTemplateControl1~1) No reads demultiplexed.
[2.9 minutes]	Chunk 8: (NoTemplateControl1~NoTemplateControl1~2) 0 reads pass barcode filter.
[2.9 minutes]	Chunk 8: (NoTemplateControl1~NoTemplateControl1~2) 0 reads pass linker code filter.
[2.9 minutes]	Chunk 8: (NoTemplateControl1~NoTemplateControl1~2) No reads demultiplexed.
[2.9 minutes]	Chunk 8: (NoTemplateControl2~NoTemplateControl2~1) 56 reads pass barcode filter.
[2.9 minutes]	Chunk 8: (NoTemplateControl2~NoTemplateControl2~1) 205 reads pass linker code filter.
[2.9 minutes]	Chunk 8: (NoTemplateControl2~NoTemplateControl2~1) 0 reads removed by virus read start test filter (15 NTs).
[2.9 minutes]	Chunk 8: (NoTemplateControl2~NoTemplateControl2~1)  anchor read over read sequence determined to be AGTCCCTTAAG from parsing provided linker sequence.
[2.9 minutes]	Chunk 8: (NoTemplateControl2~NoTemplateControl2~1) completed with 43 reads.
[2.9 minutes]	Chunk 8: (NoTemplateControl2~NoTemplateControl2~2) 151 reads pass barcode filter.
[2.9 minutes]	Chunk 8: (NoTemplateControl2~NoTemplateControl2~2) 205 reads pass linker code filter.
[2.9 minutes]	Chunk 8: (NoTemplateControl2~NoTemplateControl2~2) 0 reads removed by virus read start test filter (15 NTs).
[2.9 minutes]	Chunk 8: (NoTemplateControl2~NoTemplateControl2~2)  anchor read over read sequence determined to be AGTCCCTTAAG from parsing provided linker sequence.
[2.9 minutes]	Chunk 8: (NoTemplateControl2~NoTemplateControl2~2) completed with 136 reads.
[2.9 minutes]	Chunk 8: (NoTemplateControl3~NoTemplateControl3~1) 0 reads pass barcode filter.
[2.9 minutes]	Chunk 8: (NoTemplateControl3~NoTemplateControl3~1) 0 reads pass linker code filter.
[2.9 minutes]	Chunk 8: (NoTemplateControl3~NoTemplateControl3~1) No reads demultiplexed.
[2.9 minutes]	Chunk 8: (NoTemplateControl3~NoTemplateControl3~2) 0 reads pass barcode filter.
[2.9 minutes]	Chunk 8: (NoTemplateControl3~NoTemplateControl3~2) 0 reads pass linker code filter.
[2.9 minutes]	Chunk 8: (NoTemplateControl3~NoTemplateControl3~2) No reads demultiplexed.
